2025-06-27 15:41:40,102 - INFO - WebDriver initialized in headless mode.
2025-06-27 15:41:40,102 - INFO - Navigating to page 1: https://www.flipkart.com/poco-c75-5g-silver-stardust-64-gb/product-reviews/itm8e3f17ac2e724?pid=MOBH74433ZER9U4P&lid=LSTMOBH74433ZER9U4PIUMZCQ&marketplace=FLIPKART&page=1
2025-06-27 15:41:43,151 - INFO - Navigating to page 2: https://www.flipkart.com/poco-c75-5g-silver-stardust-64-gb/product-reviews/itm8e3f17ac2e724?pid=MOBH74433ZER9U4P&lid=LSTMOBH74433ZER9U4PIUMZCQ&marketplace=FLIPKART&page=2
2025-06-27 15:41:47,149 - INFO - Navigating to page 3: https://www.flipkart.com/poco-c75-5g-silver-stardust-64-gb/product-reviews/itm8e3f17ac2e724?pid=MOBH74433ZER9U4P&lid=LSTMOBH74433ZER9U4PIUMZCQ&marketplace=FLIPKART&page=3
2025-06-27 15:41:51,154 - INFO - Navigating to page 4: https://www.flipkart.com/poco-c75-5g-silver-stardust-64-gb/product-reviews/itm8e3f17ac2e724?pid=MOBH74433ZER9U4P&lid=LSTMOBH74433ZER9U4PIUMZCQ&marketplace=FLIPKART&page=4
2025-06-27 15:41:55,212 - INFO - Navigating to page 5: https://www.flipkart.com/poco-c75-5g-silver-stardust-64-gb/product-reviews/itm8e3f17ac2e724?pid=MOBH74433ZER9U4P&lid=LSTMOBH74433ZER9U4PIUMZCQ&marketplace=FLIPKART&page=5
2025-06-27 15:41:59,433 - INFO - Navigating to page 6: https://www.flipkart.com/poco-c75-5g-silver-stardust-64-gb/product-reviews/itm8e3f17ac2e724?pid=MOBH74433ZER9U4P&lid=LSTMOBH74433ZER9U4PIUMZCQ&marketplace=FLIPKART&page=6
2025-06-27 15:42:04,826 - INFO - Navigating to page 7: https://www.flipkart.com/poco-c75-5g-silver-stardust-64-gb/product-reviews/itm8e3f17ac2e724?pid=MOBH74433ZER9U4P&lid=LSTMOBH74433ZER9U4PIUMZCQ&marketplace=FLIPKART&page=7
2025-06-27 15:42:09,560 - INFO - Navigating to page 8: https://www.flipkart.com/poco-c75-5g-silver-stardust-64-gb/product-reviews/itm8e3f17ac2e724?pid=MOBH74433ZER9U4P&lid=LSTMOBH74433ZER9U4PIUMZCQ&marketplace=FLIPKART&page=8
2025-06-27 15:42:14,806 - INFO - Navigating to page 9: https://www.flipkart.com/poco-c75-5g-silver-stardust-64-gb/product-reviews/itm8e3f17ac2e724?pid=MOBH74433ZER9U4P&lid=LSTMOBH74433ZER9U4PIUMZCQ&marketplace=FLIPKART&page=9
2025-06-27 15:42:18,655 - INFO - Navigating to page 10: https://www.flipkart.com/poco-c75-5g-silver-stardust-64-gb/product-reviews/itm8e3f17ac2e724?pid=MOBH74433ZER9U4P&lid=LSTMOBH74433ZER9U4PIUMZCQ&marketplace=FLIPKART&page=10
2025-06-27 15:42:23,659 - INFO - Navigating to page 11: https://www.flipkart.com/poco-c75-5g-silver-stardust-64-gb/product-reviews/itm8e3f17ac2e724?pid=MOBH74433ZER9U4P&lid=LSTMOBH74433ZER9U4PIUMZCQ&marketplace=FLIPKART&page=11
2025-06-27 15:42:26,893 - INFO - Navigating to page 12: https://www.flipkart.com/poco-c75-5g-silver-stardust-64-gb/product-reviews/itm8e3f17ac2e724?pid=MOBH74433ZER9U4P&lid=LSTMOBH74433ZER9U4PIUMZCQ&marketplace=FLIPKART&page=12
2025-06-27 15:42:31,270 - INFO - Navigating to page 13: https://www.flipkart.com/poco-c75-5g-silver-stardust-64-gb/product-reviews/itm8e3f17ac2e724?pid=MOBH74433ZER9U4P&lid=LSTMOBH74433ZER9U4PIUMZCQ&marketplace=FLIPKART&page=13
2025-06-27 15:42:36,708 - INFO - Navigating to page 14: https://www.flipkart.com/poco-c75-5g-silver-stardust-64-gb/product-reviews/itm8e3f17ac2e724?pid=MOBH74433ZER9U4P&lid=LSTMOBH74433ZER9U4PIUMZCQ&marketplace=FLIPKART&page=14
2025-06-27 15:42:41,328 - INFO - Navigating to page 15: https://www.flipkart.com/poco-c75-5g-silver-stardust-64-gb/product-reviews/itm8e3f17ac2e724?pid=MOBH74433ZER9U4P&lid=LSTMOBH74433ZER9U4PIUMZCQ&marketplace=FLIPKART&page=15
2025-06-27 15:42:46,120 - INFO - Navigating to page 16: https://www.flipkart.com/poco-c75-5g-silver-stardust-64-gb/product-reviews/itm8e3f17ac2e724?pid=MOBH74433ZER9U4P&lid=LSTMOBH74433ZER9U4PIUMZCQ&marketplace=FLIPKART&page=16
2025-06-27 15:42:52,502 - INFO - Navigating to page 17: https://www.flipkart.com/poco-c75-5g-silver-stardust-64-gb/product-reviews/itm8e3f17ac2e724?pid=MOBH74433ZER9U4P&lid=LSTMOBH74433ZER9U4PIUMZCQ&marketplace=FLIPKART&page=17
2025-06-27 15:42:57,323 - INFO - Navigating to page 18: https://www.flipkart.com/poco-c75-5g-silver-stardust-64-gb/product-reviews/itm8e3f17ac2e724?pid=MOBH74433ZER9U4P&lid=LSTMOBH74433ZER9U4PIUMZCQ&marketplace=FLIPKART&page=18
2025-06-27 15:43:02,471 - INFO - Navigating to page 19: https://www.flipkart.com/poco-c75-5g-silver-stardust-64-gb/product-reviews/itm8e3f17ac2e724?pid=MOBH74433ZER9U4P&lid=LSTMOBH74433ZER9U4PIUMZCQ&marketplace=FLIPKART&page=19
2025-06-27 15:43:06,252 - INFO - Navigating to page 20: https://www.flipkart.com/poco-c75-5g-silver-stardust-64-gb/product-reviews/itm8e3f17ac2e724?pid=MOBH74433ZER9U4P&lid=LSTMOBH74433ZER9U4PIUMZCQ&marketplace=FLIPKART&page=20
2025-06-27 15:43:11,342 - INFO - Navigating to page 21: https://www.flipkart.com/poco-c75-5g-silver-stardust-64-gb/product-reviews/itm8e3f17ac2e724?pid=MOBH74433ZER9U4P&lid=LSTMOBH74433ZER9U4PIUMZCQ&marketplace=FLIPKART&page=21
2025-06-27 15:43:15,289 - INFO - Navigating to page 22: https://www.flipkart.com/poco-c75-5g-silver-stardust-64-gb/product-reviews/itm8e3f17ac2e724?pid=MOBH74433ZER9U4P&lid=LSTMOBH74433ZER9U4PIUMZCQ&marketplace=FLIPKART&page=22
2025-06-27 15:43:17,949 - INFO - Navigating to page 23: https://www.flipkart.com/poco-c75-5g-silver-stardust-64-gb/product-reviews/itm8e3f17ac2e724?pid=MOBH74433ZER9U4P&lid=LSTMOBH74433ZER9U4PIUMZCQ&marketplace=FLIPKART&page=23
2025-06-27 15:43:23,156 - INFO - Navigating to page 24: https://www.flipkart.com/poco-c75-5g-silver-stardust-64-gb/product-reviews/itm8e3f17ac2e724?pid=MOBH74433ZER9U4P&lid=LSTMOBH74433ZER9U4PIUMZCQ&marketplace=FLIPKART&page=24
2025-06-27 15:43:27,845 - INFO - Navigating to page 25: https://www.flipkart.com/poco-c75-5g-silver-stardust-64-gb/product-reviews/itm8e3f17ac2e724?pid=MOBH74433ZER9U4P&lid=LSTMOBH74433ZER9U4PIUMZCQ&marketplace=FLIPKART&page=25
2025-06-27 15:43:30,464 - INFO - Navigating to page 26: https://www.flipkart.com/poco-c75-5g-silver-stardust-64-gb/product-reviews/itm8e3f17ac2e724?pid=MOBH74433ZER9U4P&lid=LSTMOBH74433ZER9U4PIUMZCQ&marketplace=FLIPKART&page=26
2025-06-27 15:43:32,986 - INFO - Navigating to page 27: https://www.flipkart.com/poco-c75-5g-silver-stardust-64-gb/product-reviews/itm8e3f17ac2e724?pid=MOBH74433ZER9U4P&lid=LSTMOBH74433ZER9U4PIUMZCQ&marketplace=FLIPKART&page=27
2025-06-27 15:43:38,780 - INFO - Navigating to page 28: https://www.flipkart.com/poco-c75-5g-silver-stardust-64-gb/product-reviews/itm8e3f17ac2e724?pid=MOBH74433ZER9U4P&lid=LSTMOBH74433ZER9U4PIUMZCQ&marketplace=FLIPKART&page=28
2025-06-27 15:43:44,613 - INFO - Navigating to page 29: https://www.flipkart.com/poco-c75-5g-silver-stardust-64-gb/product-reviews/itm8e3f17ac2e724?pid=MOBH74433ZER9U4P&lid=LSTMOBH74433ZER9U4PIUMZCQ&marketplace=FLIPKART&page=29
2025-06-27 15:43:50,351 - INFO - Navigating to page 30: https://www.flipkart.com/poco-c75-5g-silver-stardust-64-gb/product-reviews/itm8e3f17ac2e724?pid=MOBH74433ZER9U4P&lid=LSTMOBH74433ZER9U4PIUMZCQ&marketplace=FLIPKART&page=30
2025-06-27 15:43:56,225 - INFO - Navigating to page 31: https://www.flipkart.com/poco-c75-5g-silver-stardust-64-gb/product-reviews/itm8e3f17ac2e724?pid=MOBH74433ZER9U4P&lid=LSTMOBH74433ZER9U4PIUMZCQ&marketplace=FLIPKART&page=31
2025-06-27 15:44:00,966 - INFO - Navigating to page 32: https://www.flipkart.com/poco-c75-5g-silver-stardust-64-gb/product-reviews/itm8e3f17ac2e724?pid=MOBH74433ZER9U4P&lid=LSTMOBH74433ZER9U4PIUMZCQ&marketplace=FLIPKART&page=32
2025-06-27 15:44:05,074 - INFO - Navigating to page 33: https://www.flipkart.com/poco-c75-5g-silver-stardust-64-gb/product-reviews/itm8e3f17ac2e724?pid=MOBH74433ZER9U4P&lid=LSTMOBH74433ZER9U4PIUMZCQ&marketplace=FLIPKART&page=33
2025-06-27 15:44:08,560 - INFO - Navigating to page 34: https://www.flipkart.com/poco-c75-5g-silver-stardust-64-gb/product-reviews/itm8e3f17ac2e724?pid=MOBH74433ZER9U4P&lid=LSTMOBH74433ZER9U4PIUMZCQ&marketplace=FLIPKART&page=34
2025-06-27 15:44:12,818 - INFO - Navigating to page 35: https://www.flipkart.com/poco-c75-5g-silver-stardust-64-gb/product-reviews/itm8e3f17ac2e724?pid=MOBH74433ZER9U4P&lid=LSTMOBH74433ZER9U4PIUMZCQ&marketplace=FLIPKART&page=35
2025-06-27 15:44:16,020 - INFO - Navigating to page 36: https://www.flipkart.com/poco-c75-5g-silver-stardust-64-gb/product-reviews/itm8e3f17ac2e724?pid=MOBH74433ZER9U4P&lid=LSTMOBH74433ZER9U4PIUMZCQ&marketplace=FLIPKART&page=36
2025-06-27 15:44:18,817 - INFO - Navigating to page 37: https://www.flipkart.com/poco-c75-5g-silver-stardust-64-gb/product-reviews/itm8e3f17ac2e724?pid=MOBH74433ZER9U4P&lid=LSTMOBH74433ZER9U4PIUMZCQ&marketplace=FLIPKART&page=37
2025-06-27 15:44:21,663 - INFO - Navigating to page 38: https://www.flipkart.com/poco-c75-5g-silver-stardust-64-gb/product-reviews/itm8e3f17ac2e724?pid=MOBH74433ZER9U4P&lid=LSTMOBH74433ZER9U4PIUMZCQ&marketplace=FLIPKART&page=38
2025-06-27 15:44:25,772 - INFO - Navigating to page 39: https://www.flipkart.com/poco-c75-5g-silver-stardust-64-gb/product-reviews/itm8e3f17ac2e724?pid=MOBH74433ZER9U4P&lid=LSTMOBH74433ZER9U4PIUMZCQ&marketplace=FLIPKART&page=39
2025-06-27 15:44:30,342 - INFO - Navigating to page 40: https://www.flipkart.com/poco-c75-5g-silver-stardust-64-gb/product-reviews/itm8e3f17ac2e724?pid=MOBH74433ZER9U4P&lid=LSTMOBH74433ZER9U4PIUMZCQ&marketplace=FLIPKART&page=40
2025-06-27 15:44:34,467 - INFO - Navigating to page 41: https://www.flipkart.com/poco-c75-5g-silver-stardust-64-gb/product-reviews/itm8e3f17ac2e724?pid=MOBH74433ZER9U4P&lid=LSTMOBH74433ZER9U4PIUMZCQ&marketplace=FLIPKART&page=41
2025-06-27 15:44:58,493 - WARNING - Timeout waiting for reviews on page 41. This might be the last page or content not loaded.
2025-06-27 15:44:58,851 - INFO - WebDriver session closed.
2025-06-27 15:44:58,854 - INFO - Total 400 reviews scraped.
2025-06-27 15:44:58,854 - INFO - Performing sentiment analysis...
2025-06-27 15:44:58,886 - INFO - Sentiment analysis complete.
2025-06-27 15:44:58,890 - INFO - Reviews with sentiment successfully saved to 'Product_Review_with_Sentiment.csv'
2025-06-27 15:44:58,892 - INFO - Sentiment distribution: 
Sentiment
Positive    346
Neutral      32
Negative     22
Name: count, dtype: int64
2025-06-27 15:44:59,583 - INFO - Bar chart saved as 'sentiment_distribution_bar.png'
2025-06-27 15:45:08,574 - INFO - Pie chart saved as 'sentiment_distribution_pie.png'
2025-06-27 15:45:10,528 - INFO - Scraping process finished.
